============================================================================================== 
Warning! Mixing Conda and module environments may lead to corruption of the
user environment. 
We do not recommend users mixing those two environments unless absolutely
necessary. Note that 
SURF does not provide any support for Conda environment.
For more information, please refer to our software policy page:
https://servicedesk.surf.nl/wiki/display/WIKI/Software+policy+Snellius#SoftwarepolicySnellius-UseofAnacondaandMinicondaenvironmentsonSnellius 

Remember that many packages have already been installed on the system and can
be loaded using 
the 'module load <package__name>' command. If you are uncertain if a package is
already available 
on the system, please use 'module avail' or 'module spider' to search for it.
============================================================================================== 
Args in experiment:
Namespace(model='informer', data='Causal', root_path='./data/ETT/', data_path='data_causal_1.csv', features='M', target='OT', freq='h', checkpoints='./checkpoints/', seq_len=96, label_len=96, pred_len=48, enc_in=3, dec_in=3, c_out=3, d_model=512, n_heads=8, e_layers=2, d_layers=1, s_layers=[3, 2, 1], d_ff=2048, factor=5, padding=0, distil=True, dropout=0.05, attn='prob', embed='timeF', activation='gelu', output_attention=False, do_predict=False, mix=True, cols=None, num_workers=0, itr=2, train_epochs=6, batch_size=32, patience=3, learning_rate=0.0001, des='Exp', loss='mse', lradj='type1', use_amp=False, inverse=False, use_gpu=True, gpu=0, use_multi_gpu=False, devices='0,1,2,3', detail_freq='h')
Use GPU: cuda:0
>>>>>>>start training : informer_Causal_ftM_sl96_ll96_pl48_dm512_nh8_el2_dl1_df2048_atprob_fc5_ebtimeF_dtTrue_mxTrue_Exp_0>>>>>>>>>>>>>>>>>>>>>>>>>>
train 6857
val 953
test 1953
TRAIN_DATA <data.data_loader.Dataset_Custom object at 0x14a155751900>
TEST_DATA <data.data_loader.Dataset_Custom object at 0x14a155753eb0>
	iters: 100, epoch: 1 | loss: 1.0363147
	speed: 0.0494s/iter; left time: 58.5750s
	iters: 200, epoch: 1 | loss: 0.9754918
	speed: 0.0221s/iter; left time: 24.0210s
Epoch: 1 cost time: 5.974316120147705
Epoch: 1, Steps: 214 | Train Loss: 1.0183376 Vali Loss: 1.0226898 Test Loss: 1.0026767
Validation loss decreased (inf --> 1.022690).  Saving model ...
Updating learning rate to 0.0001
	iters: 100, epoch: 2 | loss: 1.0243505
	speed: 0.0347s/iter; left time: 33.6785s
	iters: 200, epoch: 2 | loss: 0.9328998
	speed: 0.0221s/iter; left time: 19.2537s
Epoch: 2 cost time: 4.7344887256622314
Epoch: 2, Steps: 214 | Train Loss: 0.9920628 Vali Loss: 1.0465449 Test Loss: 1.0106610
EarlyStopping counter: 1 out of 3
Updating learning rate to 5e-05
	iters: 100, epoch: 3 | loss: 1.0436589
	speed: 0.0339s/iter; left time: 25.6963s
	iters: 200, epoch: 3 | loss: 0.9331349
	speed: 0.0221s/iter; left time: 14.5271s
Epoch: 3 cost time: 4.734008550643921
Epoch: 3, Steps: 214 | Train Loss: 0.9787732 Vali Loss: 1.0431223 Test Loss: 1.0102340
EarlyStopping counter: 2 out of 3
Updating learning rate to 2.5e-05
	iters: 100, epoch: 4 | loss: 1.0457785
	speed: 0.0339s/iter; left time: 18.4174s
	iters: 200, epoch: 4 | loss: 0.9598954
	speed: 0.0222s/iter; left time: 9.8308s
Epoch: 4 cost time: 4.741091728210449
Epoch: 4, Steps: 214 | Train Loss: 0.9674226 Vali Loss: 1.0455956 Test Loss: 1.0118892
EarlyStopping counter: 3 out of 3
Early stopping
>>>>>>>testing : informer_Causal_ftM_sl96_ll96_pl48_dm512_nh8_el2_dl1_df2048_atprob_fc5_ebtimeF_dtTrue_mxTrue_Exp_0<<<<<<<<<<<<<<<<<<<<<<<<<<<<<<<<<
test 1953
test shape: (61, 32, 48, 3) (61, 32, 48, 3)
test shape: (1952, 48, 3) (1952, 48, 3)
mse:1.0028407573699951, mae:0.7932690978050232
{'data': 'data_causal_1.csv', 'T': 'OT', 'M': [3, 3, 3], 'S': [1, 1, 1], 'MS': [3, 3, 1]}
Use GPU: cuda:0
>>>>>>>start training : informer_Causal_ftM_sl96_ll96_pl48_dm512_nh8_el2_dl1_df2048_atprob_fc5_ebtimeF_dtTrue_mxTrue_Exp_1>>>>>>>>>>>>>>>>>>>>>>>>>>
train 6857
val 953
test 1953
TRAIN_DATA <data.data_loader.Dataset_Custom object at 0x14a155751690>
TEST_DATA <data.data_loader.Dataset_Custom object at 0x14a1557515d0>
	iters: 100, epoch: 1 | loss: 0.9620407
	speed: 0.0222s/iter; left time: 26.3083s
	iters: 200, epoch: 1 | loss: 0.9843470
	speed: 0.0222s/iter; left time: 24.0991s
Epoch: 1 cost time: 4.76359486579895
Epoch: 1, Steps: 214 | Train Loss: 1.0185375 Vali Loss: 1.0283782 Test Loss: 1.0101168
Validation loss decreased (inf --> 1.028378).  Saving model ...
Updating learning rate to 0.0001
	iters: 100, epoch: 2 | loss: 0.9772023
	speed: 0.0348s/iter; left time: 33.7729s
	iters: 200, epoch: 2 | loss: 0.9855108
	speed: 0.0222s/iter; left time: 19.3352s
Epoch: 2 cost time: 4.753409147262573
Epoch: 2, Steps: 214 | Train Loss: 0.9916465 Vali Loss: 1.0282520 Test Loss: 1.0144631
Validation loss decreased (1.028378 --> 1.028252).  Saving model ...
Updating learning rate to 5e-05
	iters: 100, epoch: 3 | loss: 0.9625256
	speed: 0.0347s/iter; left time: 26.2799s
	iters: 200, epoch: 3 | loss: 0.9436510
	speed: 0.0222s/iter; left time: 14.6098s
Epoch: 3 cost time: 4.757171630859375
Epoch: 3, Steps: 214 | Train Loss: 0.9761571 Vali Loss: 1.0447087 Test Loss: 1.0198522
EarlyStopping counter: 1 out of 3
Updating learning rate to 2.5e-05
	iters: 100, epoch: 4 | loss: 0.9994196
	speed: 0.0341s/iter; left time: 18.5349s
	iters: 200, epoch: 4 | loss: 0.9438370
	speed: 0.0222s/iter; left time: 9.8519s
Epoch: 4 cost time: 4.758139610290527
Epoch: 4, Steps: 214 | Train Loss: 0.9667696 Vali Loss: 1.0435001 Test Loss: 1.0221180
EarlyStopping counter: 2 out of 3
Updating learning rate to 1.25e-05
	iters: 100, epoch: 5 | loss: 1.0500052
	speed: 0.0342s/iter; left time: 11.2436s
	iters: 200, epoch: 5 | loss: 0.9255505
	speed: 0.0222s/iter; left time: 5.0887s
Epoch: 5 cost time: 4.758372783660889
Epoch: 5, Steps: 214 | Train Loss: 0.9599533 Vali Loss: 1.0409062 Test Loss: 1.0239607
EarlyStopping counter: 3 out of 3
Early stopping
>>>>>>>testing : informer_Causal_ftM_sl96_ll96_pl48_dm512_nh8_el2_dl1_df2048_atprob_fc5_ebtimeF_dtTrue_mxTrue_Exp_1<<<<<<<<<<<<<<<<<<<<<<<<<<<<<<<<<
test 1953
test shape: (61, 32, 48, 3) (61, 32, 48, 3)
test shape: (1952, 48, 3) (1952, 48, 3)
mse:1.0144764184951782, mae:0.7973844408988953
{'data': 'data_causal_1.csv', 'T': 'OT', 'M': [3, 3, 3], 'S': [1, 1, 1], 'MS': [3, 3, 1]}

JOB STATISTICS
==============
Job ID: 6042280
Cluster: snellius
User/Group: scur2113/scur2113
State: RUNNING
Nodes: 1
Cores per node: 18
CPU Utilized: 00:00:00
CPU Efficiency: 0.00% of 00:20:24 core-walltime
Job Wall-clock time: 00:01:08
Memory Utilized: 0.00 MB (estimated maximum)
Memory Efficiency: 0.00% of 120.00 GB (120.00 GB/node)
WARNING: Efficiency statistics may be misleading for RUNNING jobs.
