============================================================================================== 
Warning! Mixing Conda and module environments may lead to corruption of the
user environment. 
We do not recommend users mixing those two environments unless absolutely
necessary. Note that 
SURF does not provide any support for Conda environment.
For more information, please refer to our software policy page:
https://servicedesk.surf.nl/wiki/display/WIKI/Software+policy+Snellius#SoftwarepolicySnellius-UseofAnacondaandMinicondaenvironmentsonSnellius 

Remember that many packages have already been installed on the system and can
be loaded using 
the 'module load <package__name>' command. If you are uncertain if a package is
already available 
on the system, please use 'module avail' or 'module spider' to search for it.
============================================================================================== 
Args in experiment:
Namespace(model='informer', data='Causal', root_path='./data/ETT/', data_path='data_causal_1.csv', features='M', target='OT', freq='h', checkpoints='./checkpoints/', seq_len=1, label_len=1, pred_len=200, enc_in=3, dec_in=3, c_out=3, d_model=512, n_heads=8, e_layers=2, d_layers=1, s_layers=[3, 2, 1], d_ff=2048, factor=5, padding=0, distil=True, dropout=0.05, attn='prob', embed='timeF', activation='gelu', output_attention=False, do_predict=False, mix=True, cols=None, num_workers=0, itr=1, train_epochs=30, batch_size=32, patience=100, learning_rate=0.01, des='Exp', loss='mse', lradj='type1', use_amp=False, inverse=False, use_gpu=True, gpu=0, use_multi_gpu=False, devices='0,1,2,3', detail_freq='h')
Use GPU: cuda:0
>>>>>>>start training : informer_Causal_ftM_sl1_ll1_pl200_dm512_nh8_el2_dl1_df2048_atprob_fc5_ebtimeF_dtTrue_mxTrue_Exp_0>>>>>>>>>>>>>>>>>>>>>>>>>>
train 6800
val 801
test 1801
Traceback (most recent call last):
  File "/gpfs/home3/scur2113/Informer2020-main/Informer2020-main/main_informer.py", line 105, in <module>
    exp.train(setting)
  File "/gpfs/home3/scur2113/Informer2020-main/Informer2020-main/exp/exp_informer.py", line 156, in train
    pred, true = self._process_one_batch(
  File "/gpfs/home3/scur2113/Informer2020-main/Informer2020-main/exp/exp_informer.py", line 284, in _process_one_batch
    outputs = self.model(batch_x, batch_x_mark, dec_inp, batch_y_mark)
  File "/home/scur2113/.local/lib/python3.10/site-packages/torch/nn/modules/module.py", line 1511, in _wrapped_call_impl
    return self._call_impl(*args, **kwargs)
  File "/home/scur2113/.local/lib/python3.10/site-packages/torch/nn/modules/module.py", line 1520, in _call_impl
    return forward_call(*args, **kwargs)
  File "/gpfs/home3/scur2113/Informer2020-main/Informer2020-main/models/model.py", line 70, in forward
    enc_out, attns = self.encoder(enc_out, attn_mask=enc_self_mask)
  File "/home/scur2113/.local/lib/python3.10/site-packages/torch/nn/modules/module.py", line 1511, in _wrapped_call_impl
    return self._call_impl(*args, **kwargs)
  File "/home/scur2113/.local/lib/python3.10/site-packages/torch/nn/modules/module.py", line 1520, in _call_impl
    return forward_call(*args, **kwargs)
  File "/gpfs/home3/scur2113/Informer2020-main/Informer2020-main/models/encoder.py", line 68, in forward
    x, attn = attn_layer(x, attn_mask=attn_mask)
  File "/home/scur2113/.local/lib/python3.10/site-packages/torch/nn/modules/module.py", line 1511, in _wrapped_call_impl
    return self._call_impl(*args, **kwargs)
  File "/home/scur2113/.local/lib/python3.10/site-packages/torch/nn/modules/module.py", line 1520, in _call_impl
    return forward_call(*args, **kwargs)
  File "/gpfs/home3/scur2113/Informer2020-main/Informer2020-main/models/encoder.py", line 44, in forward
    new_x, attn = self.attention(
  File "/home/scur2113/.local/lib/python3.10/site-packages/torch/nn/modules/module.py", line 1511, in _wrapped_call_impl
    return self._call_impl(*args, **kwargs)
  File "/home/scur2113/.local/lib/python3.10/site-packages/torch/nn/modules/module.py", line 1520, in _call_impl
    return forward_call(*args, **kwargs)
  File "/gpfs/home3/scur2113/Informer2020-main/Informer2020-main/models/attn.py", line 153, in forward
    out, attn = self.inner_attention(
  File "/home/scur2113/.local/lib/python3.10/site-packages/torch/nn/modules/module.py", line 1511, in _wrapped_call_impl
    return self._call_impl(*args, **kwargs)
  File "/home/scur2113/.local/lib/python3.10/site-packages/torch/nn/modules/module.py", line 1520, in _call_impl
    return forward_call(*args, **kwargs)
  File "/gpfs/home3/scur2113/Informer2020-main/Informer2020-main/models/attn.py", line 114, in forward
    scores_top, index = self._prob_QK(queries, keys, sample_k=U_part, n_top=u) 
  File "/gpfs/home3/scur2113/Informer2020-main/Informer2020-main/models/attn.py", line 59, in _prob_QK
    M = Q_K_sample.max(-1)[0] - torch.div(Q_K_sample.sum(-1), L_K)
IndexError: max(): Expected reduction dim 3 to have non-zero size.

JOB STATISTICS
==============
Job ID: 6041790
Cluster: snellius
User/Group: scur2113/scur2113
State: RUNNING
Nodes: 1
Cores per node: 18
CPU Utilized: 00:00:00
CPU Efficiency: 0.00% of 00:04:12 core-walltime
Job Wall-clock time: 00:00:14
Memory Utilized: 0.00 MB (estimated maximum)
Memory Efficiency: 0.00% of 120.00 GB (120.00 GB/node)
WARNING: Efficiency statistics may be misleading for RUNNING jobs.
