============================================================================================== 
Warning! Mixing Conda and module environments may lead to corruption of the
user environment. 
We do not recommend users mixing those two environments unless absolutely
necessary. Note that 
SURF does not provide any support for Conda environment.
For more information, please refer to our software policy page:
https://servicedesk.surf.nl/wiki/display/WIKI/Software+policy+Snellius#SoftwarepolicySnellius-UseofAnacondaandMinicondaenvironmentsonSnellius 

Remember that many packages have already been installed on the system and can
be loaded using 
the 'module load <package__name>' command. If you are uncertain if a package is
already available 
on the system, please use 'module avail' or 'module spider' to search for it.
============================================================================================== 
Args in experiment:
Namespace(model='informer', data='Causal', root_path='./data/ETT/', data_path='data_causal_1.csv', features='M', target='OT', freq='h', checkpoints='./checkpoints/', seq_len=96, label_len=96, pred_len=48, enc_in=3, dec_in=3, c_out=3, d_model=512, n_heads=8, e_layers=2, d_layers=1, s_layers=[3, 2, 1], d_ff=2048, factor=5, padding=0, distil=True, dropout=0.05, attn='prob', embed='timeF', activation='gelu', output_attention=False, do_predict=False, mix=True, cols=None, num_workers=0, itr=1, train_epochs=30, batch_size=32, patience=100, learning_rate=0.01, des='Exp', loss='mse', lradj='type1', use_amp=False, inverse=False, use_gpu=True, gpu=0, use_multi_gpu=False, devices='0,1,2,3', detail_freq='h')
Use GPU: cuda:0
>>>>>>>start training : informer_Causal_ftM_sl96_ll96_pl48_dm512_nh8_el2_dl1_df2048_atprob_fc5_ebtimeF_dtTrue_mxTrue_Exp_0>>>>>>>>>>>>>>>>>>>>>>>>>>
train 6857
val 953
test 1953
	iters: 100, epoch: 1 | loss: 1.0346953
	speed: 0.0637s/iter; left time: 402.9107s
	iters: 200, epoch: 1 | loss: 0.9767963
	speed: 0.0223s/iter; left time: 138.9772s
Epoch: 1 cost time: 6.317683696746826
Epoch: 1, Steps: 214 | Train Loss: 1.3730267 Vali Loss: 1.0131983 Test Loss: 0.9988925
Validation loss decreased (inf --> 1.013198).  Saving model ...
Updating learning rate to 0.01
	iters: 100, epoch: 2 | loss: 1.0297102
	speed: 0.0351s/iter; left time: 214.5286s
	iters: 200, epoch: 2 | loss: 1.0731648
	speed: 0.0224s/iter; left time: 134.2640s
Epoch: 2 cost time: 4.78535532951355
Epoch: 2, Steps: 214 | Train Loss: 1.0120359 Vali Loss: 1.0110159 Test Loss: 0.9953619
Validation loss decreased (1.013198 --> 1.011016).  Saving model ...
Updating learning rate to 0.005
	iters: 100, epoch: 3 | loss: 1.0040361
	speed: 0.0349s/iter; left time: 205.9395s
	iters: 200, epoch: 3 | loss: 1.0121707
	speed: 0.0223s/iter; left time: 129.3403s
Epoch: 3 cost time: 4.783017873764038
Epoch: 3, Steps: 214 | Train Loss: 1.0066304 Vali Loss: 1.0134518 Test Loss: 0.9977720
EarlyStopping counter: 1 out of 100
Updating learning rate to 0.0025
	iters: 100, epoch: 4 | loss: 1.0158669
	speed: 0.0343s/iter; left time: 195.0691s
	iters: 200, epoch: 4 | loss: 1.0148209
	speed: 0.0223s/iter; left time: 124.5621s
Epoch: 4 cost time: 4.7844929695129395
Epoch: 4, Steps: 214 | Train Loss: 1.0047316 Vali Loss: 1.0125488 Test Loss: 0.9966968
EarlyStopping counter: 2 out of 100
Updating learning rate to 0.00125
	iters: 100, epoch: 5 | loss: 1.0329866
	speed: 0.0343s/iter; left time: 187.4202s
	iters: 200, epoch: 5 | loss: 0.9386349
	speed: 0.0223s/iter; left time: 119.7677s
Epoch: 5 cost time: 4.782102346420288
Epoch: 5, Steps: 214 | Train Loss: 1.0034954 Vali Loss: 1.0087978 Test Loss: 0.9933140
Validation loss decreased (1.011016 --> 1.008798).  Saving model ...
Updating learning rate to 0.000625
	iters: 100, epoch: 6 | loss: 1.0522132
	speed: 0.0349s/iter; left time: 183.4729s
	iters: 200, epoch: 6 | loss: 1.0015221
	speed: 0.0223s/iter; left time: 114.9998s
Epoch: 6 cost time: 4.7821667194366455
Epoch: 6, Steps: 214 | Train Loss: 1.0033800 Vali Loss: 1.0072775 Test Loss: 0.9938820
Validation loss decreased (1.008798 --> 1.007277).  Saving model ...
Updating learning rate to 0.0003125
	iters: 100, epoch: 7 | loss: 1.0073639
	speed: 0.0349s/iter; left time: 175.7319s
	iters: 200, epoch: 7 | loss: 0.9772826
	speed: 0.0223s/iter; left time: 110.1373s
Epoch: 7 cost time: 4.777245998382568
Epoch: 7, Steps: 214 | Train Loss: 1.0027636 Vali Loss: 1.0105618 Test Loss: 0.9932507
EarlyStopping counter: 1 out of 100
Updating learning rate to 0.00015625
	iters: 100, epoch: 8 | loss: 1.0089375
	speed: 0.0343s/iter; left time: 165.4478s
	iters: 200, epoch: 8 | loss: 0.9465440
	speed: 0.0223s/iter; left time: 105.3952s
Epoch: 8 cost time: 4.780103921890259
Epoch: 8, Steps: 214 | Train Loss: 1.0028830 Vali Loss: 1.0098959 Test Loss: 0.9937205
EarlyStopping counter: 2 out of 100
Updating learning rate to 7.8125e-05
	iters: 100, epoch: 9 | loss: 1.0183730
	speed: 0.0343s/iter; left time: 157.9334s
	iters: 200, epoch: 9 | loss: 0.9671370
	speed: 0.0224s/iter; left time: 100.8051s
Epoch: 9 cost time: 4.781606435775757
Epoch: 9, Steps: 214 | Train Loss: 1.0026512 Vali Loss: 1.0085583 Test Loss: 0.9932157
EarlyStopping counter: 3 out of 100
Updating learning rate to 3.90625e-05
	iters: 100, epoch: 10 | loss: 1.0103076
	speed: 0.0343s/iter; left time: 150.6263s
	iters: 200, epoch: 10 | loss: 0.9992595
	speed: 0.0223s/iter; left time: 95.8451s
Epoch: 10 cost time: 4.778236627578735
Epoch: 10, Steps: 214 | Train Loss: 1.0026290 Vali Loss: 1.0070338 Test Loss: 0.9931631
Validation loss decreased (1.007277 --> 1.007034).  Saving model ...
Updating learning rate to 1.953125e-05
	iters: 100, epoch: 11 | loss: 1.0539718
	speed: 0.0349s/iter; left time: 145.8809s
	iters: 200, epoch: 11 | loss: 1.0111424
	speed: 0.0223s/iter; left time: 91.0329s
Epoch: 11 cost time: 4.777196645736694
Epoch: 11, Steps: 214 | Train Loss: 1.0025299 Vali Loss: 1.0100163 Test Loss: 0.9931924
EarlyStopping counter: 1 out of 100
Updating learning rate to 9.765625e-06
	iters: 100, epoch: 12 | loss: 1.0642682
	speed: 0.0343s/iter; left time: 135.8722s
	iters: 200, epoch: 12 | loss: 0.9737580
	speed: 0.0223s/iter; left time: 86.3652s
Epoch: 12 cost time: 4.777617692947388
Epoch: 12, Steps: 214 | Train Loss: 1.0025787 Vali Loss: 1.0110084 Test Loss: 0.9931403
EarlyStopping counter: 2 out of 100
Updating learning rate to 4.8828125e-06
	iters: 100, epoch: 13 | loss: 1.0299748
	speed: 0.0343s/iter; left time: 128.6530s
	iters: 200, epoch: 13 | loss: 1.0012201
	speed: 0.0223s/iter; left time: 81.4713s
Epoch: 13 cost time: 4.778120279312134
Epoch: 13, Steps: 214 | Train Loss: 1.0025825 Vali Loss: 1.0091361 Test Loss: 0.9931715
EarlyStopping counter: 3 out of 100
Updating learning rate to 2.44140625e-06
	iters: 100, epoch: 14 | loss: 0.9864205
	speed: 0.0343s/iter; left time: 121.2253s
	iters: 200, epoch: 14 | loss: 0.9511167
	speed: 0.0223s/iter; left time: 76.7357s
Epoch: 14 cost time: 4.775426626205444
Epoch: 14, Steps: 214 | Train Loss: 1.0025104 Vali Loss: 1.0096306 Test Loss: 0.9931243
EarlyStopping counter: 4 out of 100
Updating learning rate to 1.220703125e-06
	iters: 100, epoch: 15 | loss: 1.0628134
	speed: 0.0343s/iter; left time: 113.9072s
	iters: 200, epoch: 15 | loss: 0.9509009
	speed: 0.0223s/iter; left time: 71.8777s
Epoch: 15 cost time: 4.774875640869141
Epoch: 15, Steps: 214 | Train Loss: 1.0026362 Vali Loss: 1.0084978 Test Loss: 0.9931331
EarlyStopping counter: 5 out of 100
Updating learning rate to 6.103515625e-07
	iters: 100, epoch: 16 | loss: 0.9954741
	speed: 0.0343s/iter; left time: 106.5805s
	iters: 200, epoch: 16 | loss: 1.0139416
	speed: 0.0223s/iter; left time: 67.1945s
Epoch: 16 cost time: 4.77718710899353
Epoch: 16, Steps: 214 | Train Loss: 1.0025475 Vali Loss: 1.0094389 Test Loss: 0.9931339
EarlyStopping counter: 6 out of 100
Updating learning rate to 3.0517578125e-07
	iters: 100, epoch: 17 | loss: 1.0224820
	speed: 0.0343s/iter; left time: 99.3177s
	iters: 200, epoch: 17 | loss: 1.0273868
	speed: 0.0223s/iter; left time: 62.3877s
Epoch: 17 cost time: 4.780766487121582
Epoch: 17, Steps: 214 | Train Loss: 1.0024776 Vali Loss: 1.0092052 Test Loss: 0.9931358
EarlyStopping counter: 7 out of 100
Updating learning rate to 1.52587890625e-07
	iters: 100, epoch: 18 | loss: 0.9776005
	speed: 0.0343s/iter; left time: 91.9944s
	iters: 200, epoch: 18 | loss: 1.0241448
	speed: 0.0223s/iter; left time: 57.5936s
Epoch: 18 cost time: 4.774958610534668
Epoch: 18, Steps: 214 | Train Loss: 1.0026430 Vali Loss: 1.0106229 Test Loss: 0.9931338
EarlyStopping counter: 8 out of 100
Updating learning rate to 7.62939453125e-08
	iters: 100, epoch: 19 | loss: 0.9791813
	speed: 0.0343s/iter; left time: 84.6173s
	iters: 200, epoch: 19 | loss: 1.0327060
	speed: 0.0223s/iter; left time: 52.8688s
Epoch: 19 cost time: 4.777407884597778
Epoch: 19, Steps: 214 | Train Loss: 1.0026977 Vali Loss: 1.0089886 Test Loss: 0.9931337
EarlyStopping counter: 9 out of 100
Updating learning rate to 3.814697265625e-08
	iters: 100, epoch: 20 | loss: 1.0376889
	speed: 0.0343s/iter; left time: 77.2744s
	iters: 200, epoch: 20 | loss: 1.0255183
	speed: 0.0223s/iter; left time: 48.0696s
Epoch: 20 cost time: 4.778625011444092
Epoch: 20, Steps: 214 | Train Loss: 1.0025843 Vali Loss: 1.0090265 Test Loss: 0.9931337
EarlyStopping counter: 10 out of 100
Updating learning rate to 1.9073486328125e-08
	iters: 100, epoch: 21 | loss: 1.0362742
	speed: 0.0343s/iter; left time: 69.9565s
	iters: 200, epoch: 21 | loss: 1.0160156
	speed: 0.0223s/iter; left time: 43.3483s
Epoch: 21 cost time: 4.778757572174072
Epoch: 21, Steps: 214 | Train Loss: 1.0025589 Vali Loss: 1.0080203 Test Loss: 0.9931340
EarlyStopping counter: 11 out of 100
Updating learning rate to 9.5367431640625e-09
	iters: 100, epoch: 22 | loss: 1.0114806
	speed: 0.0343s/iter; left time: 62.6178s
	iters: 200, epoch: 22 | loss: 1.0088702
	speed: 0.0223s/iter; left time: 38.5236s
Epoch: 22 cost time: 4.777090072631836
Epoch: 22, Steps: 214 | Train Loss: 1.0025413 Vali Loss: 1.0073819 Test Loss: 0.9931340
EarlyStopping counter: 12 out of 100
Updating learning rate to 4.76837158203125e-09
	iters: 100, epoch: 23 | loss: 0.9870809
	speed: 0.0343s/iter; left time: 55.3380s
	iters: 200, epoch: 23 | loss: 0.9947366
	speed: 0.0223s/iter; left time: 33.7694s
Epoch: 23 cost time: 4.781497240066528
Epoch: 23, Steps: 214 | Train Loss: 1.0025570 Vali Loss: 1.0094267 Test Loss: 0.9931340
EarlyStopping counter: 13 out of 100
Updating learning rate to 2.384185791015625e-09
	iters: 100, epoch: 24 | loss: 0.9992417
	speed: 0.0343s/iter; left time: 47.9482s
	iters: 200, epoch: 24 | loss: 0.9767061
	speed: 0.0223s/iter; left time: 28.9755s
Epoch: 24 cost time: 4.77661657333374
Epoch: 24, Steps: 214 | Train Loss: 1.0026523 Vali Loss: 1.0088770 Test Loss: 0.9931340
EarlyStopping counter: 14 out of 100
Updating learning rate to 1.1920928955078125e-09
	iters: 100, epoch: 25 | loss: 0.9987906
	speed: 0.0342s/iter; left time: 40.5835s
	iters: 200, epoch: 25 | loss: 0.9835848
	speed: 0.0223s/iter; left time: 24.1768s
Epoch: 25 cost time: 4.7721781730651855
Epoch: 25, Steps: 214 | Train Loss: 1.0026080 Vali Loss: 1.0083189 Test Loss: 0.9931340
EarlyStopping counter: 15 out of 100
Updating learning rate to 5.960464477539063e-10
	iters: 100, epoch: 26 | loss: 0.9489651
	speed: 0.0342s/iter; left time: 33.2317s
	iters: 200, epoch: 26 | loss: 1.0134913
	speed: 0.0223s/iter; left time: 19.3969s
Epoch: 26 cost time: 4.768302917480469
Epoch: 26, Steps: 214 | Train Loss: 1.0025799 Vali Loss: 1.0108941 Test Loss: 0.9931340
EarlyStopping counter: 16 out of 100
Updating learning rate to 2.9802322387695313e-10
	iters: 100, epoch: 27 | loss: 1.0082959
	speed: 0.0342s/iter; left time: 25.9257s
	iters: 200, epoch: 27 | loss: 0.9689473
	speed: 0.0223s/iter; left time: 14.6476s
Epoch: 27 cost time: 4.775644302368164
Epoch: 27, Steps: 214 | Train Loss: 1.0028117 Vali Loss: 1.0120431 Test Loss: 0.9931341
EarlyStopping counter: 17 out of 100
Updating learning rate to 1.4901161193847657e-10
	iters: 100, epoch: 28 | loss: 1.0440785
	speed: 0.0342s/iter; left time: 18.5931s
	iters: 200, epoch: 28 | loss: 1.0355515
	speed: 0.0223s/iter; left time: 9.8719s
Epoch: 28 cost time: 4.770275831222534
Epoch: 28, Steps: 214 | Train Loss: 1.0025455 Vali Loss: 1.0091573 Test Loss: 0.9931341
EarlyStopping counter: 18 out of 100
Updating learning rate to 7.450580596923828e-11
	iters: 100, epoch: 29 | loss: 1.0250313
	speed: 0.0342s/iter; left time: 11.2591s
	iters: 200, epoch: 29 | loss: 1.0463589
	speed: 0.0223s/iter; left time: 5.1066s
Epoch: 29 cost time: 4.7724151611328125
Epoch: 29, Steps: 214 | Train Loss: 1.0025961 Vali Loss: 1.0116826 Test Loss: 0.9931340
EarlyStopping counter: 19 out of 100
Updating learning rate to 3.725290298461914e-11
	iters: 100, epoch: 30 | loss: 1.0186747
	speed: 0.0342s/iter; left time: 3.9354s
	iters: 200, epoch: 30 | loss: 0.9984635
	speed: 0.0223s/iter; left time: 0.3343s
Epoch: 30 cost time: 4.770174980163574
Epoch: 30, Steps: 214 | Train Loss: 1.0026482 Vali Loss: 1.0092077 Test Loss: 0.9931340
EarlyStopping counter: 20 out of 100
Updating learning rate to 1.862645149230957e-11
>>>>>>>testing : informer_Causal_ftM_sl96_ll96_pl48_dm512_nh8_el2_dl1_df2048_atprob_fc5_ebtimeF_dtTrue_mxTrue_Exp_0<<<<<<<<<<<<<<<<<<<<<<<<<<<<<<<<<
test 1953
test shape: (61, 32, 48, 3) (61, 32, 48, 3)
test shape: (1952, 48, 3) (1952, 48, 3)
mse:0.9931629300117493, mae:0.7881999611854553

JOB STATISTICS
==============
Job ID: 6037309
Cluster: snellius
User/Group: scur2113/scur2113
State: RUNNING
Nodes: 1
Cores per node: 18
CPU Utilized: 00:00:00
CPU Efficiency: 0.00% of 00:57:18 core-walltime
Job Wall-clock time: 00:03:11
Memory Utilized: 0.00 MB (estimated maximum)
Memory Efficiency: 0.00% of 120.00 GB (120.00 GB/node)
WARNING: Efficiency statistics may be misleading for RUNNING jobs.
