============================================================================================== 
Warning! Mixing Conda and module environments may lead to corruption of the
user environment. 
We do not recommend users mixing those two environments unless absolutely
necessary. Note that 
SURF does not provide any support for Conda environment.
For more information, please refer to our software policy page:
https://servicedesk.surf.nl/wiki/display/WIKI/Software+policy+Snellius#SoftwarepolicySnellius-UseofAnacondaandMinicondaenvironmentsonSnellius 

Remember that many packages have already been installed on the system and can
be loaded using 
the 'module load <package__name>' command. If you are uncertain if a package is
already available 
on the system, please use 'module avail' or 'module spider' to search for it.
============================================================================================== 
Args in experiment:
Namespace(model='informer', data='ETTh1', root_path='./data/ETT/', data_path='ETTh1.csv', features='M', target='OT', freq='h', checkpoints='./checkpoints/', seq_len=48, label_len=48, pred_len=24, enc_in=7, dec_in=7, c_out=7, d_model=512, n_heads=8, e_layers=2, d_layers=1, s_layers=[3, 2, 1], d_ff=2048, factor=3, padding=0, distil=True, dropout=0.05, attn='prob', embed='timeF', activation='gelu', output_attention=False, do_predict=False, mix=True, cols=None, num_workers=0, itr=2, train_epochs=6, batch_size=32, patience=3, learning_rate=0.0001, des='Exp', loss='mse', lradj='type1', use_amp=False, inverse=False, use_gpu=True, gpu=0, use_multi_gpu=False, devices='0,1,2,3', detail_freq='h')
Use GPU: cuda:0
>>>>>>>start training : informer_ETTh1_ftM_sl48_ll48_pl24_dm512_nh8_el2_dl1_df2048_atprob_fc3_ebtimeF_dtTrue_mxTrue_Exp_0>>>>>>>>>>>>>>>>>>>>>>>>>>
train 8569
val 2857
test 2857
TRAIN_DATA <data.data_loader.Dataset_ETT_hour object at 0x154217359900>
TEST_DATA <data.data_loader.Dataset_ETT_hour object at 0x15421735b7f0>
	iters: 100, epoch: 1 | loss: 0.4690915
	speed: 0.0376s/iter; left time: 56.4558s
	iters: 200, epoch: 1 | loss: 0.3069135
	speed: 0.0179s/iter; left time: 25.0935s
Epoch: 1 cost time: 5.849304914474487
Epoch: 1, Steps: 267 | Train Loss: 0.3868548 Vali Loss: 0.6367810 Test Loss: 0.5092300
Validation loss decreased (inf --> 0.636781).  Saving model ...
Updating learning rate to 0.0001
	iters: 100, epoch: 2 | loss: 0.2573534
	speed: 0.0450s/iter; left time: 55.5753s
	iters: 200, epoch: 2 | loss: 0.2487082
	speed: 0.0179s/iter; left time: 20.3140s
Epoch: 2 cost time: 4.779979228973389
Epoch: 2, Steps: 267 | Train Loss: 0.2568189 Vali Loss: 0.6094265 Test Loss: 0.4922528
Validation loss decreased (0.636781 --> 0.609426).  Saving model ...
Updating learning rate to 5e-05
	iters: 100, epoch: 3 | loss: 0.2425026
	speed: 0.0446s/iter; left time: 43.2154s
	iters: 200, epoch: 3 | loss: 0.1817354
	speed: 0.0179s/iter; left time: 15.5187s
Epoch: 3 cost time: 4.773487329483032
Epoch: 3, Steps: 267 | Train Loss: 0.2075380 Vali Loss: 0.6269687 Test Loss: 0.5723093
EarlyStopping counter: 1 out of 3
Updating learning rate to 2.5e-05
	iters: 100, epoch: 4 | loss: 0.1834407
	speed: 0.0439s/iter; left time: 30.8330s
	iters: 200, epoch: 4 | loss: 0.1733861
	speed: 0.0179s/iter; left time: 10.7524s
Epoch: 4 cost time: 4.7716758251190186
Epoch: 4, Steps: 267 | Train Loss: 0.1812371 Vali Loss: 0.6460601 Test Loss: 0.6038096
EarlyStopping counter: 2 out of 3
Updating learning rate to 1.25e-05
	iters: 100, epoch: 5 | loss: 0.1678291
	speed: 0.0439s/iter; left time: 19.1001s
	iters: 200, epoch: 5 | loss: 0.2183800
	speed: 0.0178s/iter; left time: 5.9763s
Epoch: 5 cost time: 4.768035411834717
Epoch: 5, Steps: 267 | Train Loss: 0.1690560 Vali Loss: 0.6531560 Test Loss: 0.5927073
EarlyStopping counter: 3 out of 3
Early stopping
>>>>>>>testing : informer_ETTh1_ftM_sl48_ll48_pl24_dm512_nh8_el2_dl1_df2048_atprob_fc3_ebtimeF_dtTrue_mxTrue_Exp_0<<<<<<<<<<<<<<<<<<<<<<<<<<<<<<<<<
test 2857
test shape: (89, 32, 24, 7) (89, 32, 24, 7)
test shape: (2848, 24, 7) (2848, 24, 7)
mse:0.4905569553375244, mae:0.4965512752532959
{'data': 'ETTh1.csv', 'T': 'OT', 'M': [7, 7, 7], 'S': [1, 1, 1], 'MS': [7, 7, 1]}
Use GPU: cuda:0
>>>>>>>start training : informer_ETTh1_ftM_sl48_ll48_pl24_dm512_nh8_el2_dl1_df2048_atprob_fc3_ebtimeF_dtTrue_mxTrue_Exp_1>>>>>>>>>>>>>>>>>>>>>>>>>>
train 8569
val 2857
test 2857
TRAIN_DATA <data.data_loader.Dataset_ETT_hour object at 0x154217359690>
TEST_DATA <data.data_loader.Dataset_ETT_hour object at 0x15421735abc0>
	iters: 100, epoch: 1 | loss: 0.3792185
	speed: 0.0178s/iter; left time: 26.7992s
	iters: 200, epoch: 1 | loss: 0.2830876
	speed: 0.0179s/iter; left time: 25.0565s
Epoch: 1 cost time: 4.773331642150879
Epoch: 1, Steps: 267 | Train Loss: 0.3956948 Vali Loss: 0.6450841 Test Loss: 0.5254517
Validation loss decreased (inf --> 0.645084).  Saving model ...
Updating learning rate to 0.0001
	iters: 100, epoch: 2 | loss: 0.2459933
	speed: 0.0445s/iter; left time: 55.0239s
	iters: 200, epoch: 2 | loss: 0.2265097
	speed: 0.0178s/iter; left time: 20.2586s
Epoch: 2 cost time: 4.768385887145996
Epoch: 2, Steps: 267 | Train Loss: 0.2577342 Vali Loss: 0.5771806 Test Loss: 0.5247456
Validation loss decreased (0.645084 --> 0.577181).  Saving model ...
Updating learning rate to 5e-05
	iters: 100, epoch: 3 | loss: 0.2043201
	speed: 0.0450s/iter; left time: 43.5870s
	iters: 200, epoch: 3 | loss: 0.1820772
	speed: 0.0179s/iter; left time: 15.5232s
Epoch: 3 cost time: 4.772368907928467
Epoch: 3, Steps: 267 | Train Loss: 0.2068160 Vali Loss: 0.6035436 Test Loss: 0.5401357
EarlyStopping counter: 1 out of 3
Updating learning rate to 2.5e-05
	iters: 100, epoch: 4 | loss: 0.1746580
	speed: 0.0440s/iter; left time: 30.8592s
	iters: 200, epoch: 4 | loss: 0.2044175
	speed: 0.0179s/iter; left time: 10.7505s
Epoch: 4 cost time: 4.773695945739746
Epoch: 4, Steps: 267 | Train Loss: 0.1806787 Vali Loss: 0.6378323 Test Loss: 0.5521418
EarlyStopping counter: 2 out of 3
Updating learning rate to 1.25e-05
	iters: 100, epoch: 5 | loss: 0.1432234
	speed: 0.0440s/iter; left time: 19.1429s
	iters: 200, epoch: 5 | loss: 0.1505673
	speed: 0.0180s/iter; left time: 6.0165s
Epoch: 5 cost time: 4.78780198097229
Epoch: 5, Steps: 267 | Train Loss: 0.1675119 Vali Loss: 0.6379288 Test Loss: 0.5829942
EarlyStopping counter: 3 out of 3
Early stopping
>>>>>>>testing : informer_ETTh1_ftM_sl48_ll48_pl24_dm512_nh8_el2_dl1_df2048_atprob_fc3_ebtimeF_dtTrue_mxTrue_Exp_1<<<<<<<<<<<<<<<<<<<<<<<<<<<<<<<<<
test 2857
test shape: (89, 32, 24, 7) (89, 32, 24, 7)
test shape: (2848, 24, 7) (2848, 24, 7)
mse:0.5249585509300232, mae:0.5278621315956116
{'data': 'ETTh1.csv', 'T': 'OT', 'M': [7, 7, 7], 'S': [1, 1, 1], 'MS': [7, 7, 1]}
./scripts/ETTh1.sh: line 5: p#ython: command not found

JOB STATISTICS
==============
Job ID: 6043992
Cluster: snellius
User/Group: scur2113/scur2113
State: RUNNING
Nodes: 1
Cores per node: 18
CPU Utilized: 00:00:00
CPU Efficiency: 0.00% of 00:24:00 core-walltime
Job Wall-clock time: 00:01:20
Memory Utilized: 0.00 MB (estimated maximum)
Memory Efficiency: 0.00% of 120.00 GB (120.00 GB/node)
WARNING: Efficiency statistics may be misleading for RUNNING jobs.
