============================================================================================== 
Warning! Mixing Conda and module environments may lead to corruption of the
user environment. 
We do not recommend users mixing those two environments unless absolutely
necessary. Note that 
SURF does not provide any support for Conda environment.
For more information, please refer to our software policy page:
https://servicedesk.surf.nl/wiki/display/WIKI/Software+policy+Snellius#SoftwarepolicySnellius-UseofAnacondaandMinicondaenvironmentsonSnellius 

Remember that many packages have already been installed on the system and can
be loaded using 
the 'module load <package__name>' command. If you are uncertain if a package is
already available 
on the system, please use 'module avail' or 'module spider' to search for it.
============================================================================================== 
Args in experiment:
Namespace(model='informer', data='Causal', root_path='./data/ETT/', data_path='data_causal_1.csv', features='M', target='OT', freq='h', checkpoints='./checkpoints/', seq_len=96, label_len=96, pred_len=48, enc_in=3, dec_in=3, c_out=3, d_model=512, n_heads=8, e_layers=2, d_layers=1, s_layers=[3, 2, 1], d_ff=2048, factor=5, padding=0, distil=True, dropout=0.05, attn='prob', embed='timeF', activation='gelu', output_attention=False, do_predict=False, mix=True, cols=None, num_workers=0, itr=2, train_epochs=6, batch_size=32, patience=3, learning_rate=0.0001, des='Exp', loss='mse', lradj='type1', use_amp=False, inverse=False, use_gpu=True, gpu=0, use_multi_gpu=False, devices='0,1,2,3', detail_freq='h')
Use GPU: cuda:0
>>>>>>>start training : informer_Causal_ftM_sl96_ll96_pl48_dm512_nh8_el2_dl1_df2048_atprob_fc5_ebtimeF_dtTrue_mxTrue_Exp_0>>>>>>>>>>>>>>>>>>>>>>>>>>
train 6857
val 953
test 1953
	iters: 100, epoch: 1 | loss: 0.9431802
	speed: 0.0615s/iter; left time: 72.9320s
	iters: 200, epoch: 1 | loss: 1.0144806
	speed: 0.0222s/iter; left time: 24.0552s
Epoch: 1 cost time: 6.163839817047119
Epoch: 1, Steps: 214 | Train Loss: 1.0213824 Vali Loss: 1.0346256 Test Loss: 1.0109684
Validation loss decreased (inf --> 1.034626).  Saving model ...
Updating learning rate to 0.0001
	iters: 100, epoch: 2 | loss: 0.9908194
	speed: 0.0349s/iter; left time: 33.9023s
	iters: 200, epoch: 2 | loss: 0.9707792
	speed: 0.0223s/iter; left time: 19.4144s
Epoch: 2 cost time: 4.765709638595581
Epoch: 2, Steps: 214 | Train Loss: 0.9931988 Vali Loss: 1.0345846 Test Loss: 1.0138472
Validation loss decreased (1.034626 --> 1.034585).  Saving model ...
Updating learning rate to 5e-05
	iters: 100, epoch: 3 | loss: 0.9541626
	speed: 0.0348s/iter; left time: 26.3186s
	iters: 200, epoch: 3 | loss: 0.9467009
	speed: 0.0222s/iter; left time: 14.6072s
Epoch: 3 cost time: 4.760981559753418
Epoch: 3, Steps: 214 | Train Loss: 0.9764078 Vali Loss: 1.0436062 Test Loss: 1.0172579
EarlyStopping counter: 1 out of 3
Updating learning rate to 2.5e-05
	iters: 100, epoch: 4 | loss: 0.9893520
	speed: 0.0341s/iter; left time: 18.5192s
	iters: 200, epoch: 4 | loss: 0.9726323
	speed: 0.0222s/iter; left time: 9.8131s
Epoch: 4 cost time: 4.7461838722229
Epoch: 4, Steps: 214 | Train Loss: 0.9655428 Vali Loss: 1.0473770 Test Loss: 1.0209295
EarlyStopping counter: 2 out of 3
Updating learning rate to 1.25e-05
	iters: 100, epoch: 5 | loss: 0.9671864
	speed: 0.0340s/iter; left time: 11.2009s
	iters: 200, epoch: 5 | loss: 0.9287370
	speed: 0.0222s/iter; left time: 5.0753s
Epoch: 5 cost time: 4.745863914489746
Epoch: 5, Steps: 214 | Train Loss: 0.9587081 Vali Loss: 1.0552759 Test Loss: 1.0254300
EarlyStopping counter: 3 out of 3
Early stopping
>>>>>>>testing : informer_Causal_ftM_sl96_ll96_pl48_dm512_nh8_el2_dl1_df2048_atprob_fc5_ebtimeF_dtTrue_mxTrue_Exp_0<<<<<<<<<<<<<<<<<<<<<<<<<<<<<<<<<
test 1953
test shape: (61, 32, 48, 3) (61, 32, 48, 3)
test shape: (1952, 48, 3) (1952, 48, 3)
mse:1.014014720916748, mae:0.7971470355987549
{'data': 'data_causal_1.csv', 'T': 'OT', 'M': [3, 3, 3], 'S': [1, 1, 1], 'MS': [3, 3, 1]}
Use GPU: cuda:0
>>>>>>>start training : informer_Causal_ftM_sl96_ll96_pl48_dm512_nh8_el2_dl1_df2048_atprob_fc5_ebtimeF_dtTrue_mxTrue_Exp_1>>>>>>>>>>>>>>>>>>>>>>>>>>
train 6857
val 953
test 1953
	iters: 100, epoch: 1 | loss: 1.0136877
	speed: 0.0221s/iter; left time: 26.2264s
	iters: 200, epoch: 1 | loss: 0.9951732
	speed: 0.0222s/iter; left time: 24.0817s
Epoch: 1 cost time: 4.754824876785278
Epoch: 1, Steps: 214 | Train Loss: 1.0202641 Vali Loss: 1.0298495 Test Loss: 1.0067557
Validation loss decreased (inf --> 1.029850).  Saving model ...
Updating learning rate to 0.0001
	iters: 100, epoch: 2 | loss: 1.0221506
	speed: 0.0347s/iter; left time: 33.7371s
	iters: 200, epoch: 2 | loss: 1.0035005
	speed: 0.0222s/iter; left time: 19.3076s
Epoch: 2 cost time: 4.75121283531189
Epoch: 2, Steps: 214 | Train Loss: 0.9939693 Vali Loss: 1.0232230 Test Loss: 1.0070719
Validation loss decreased (1.029850 --> 1.023223).  Saving model ...
Updating learning rate to 5e-05
	iters: 100, epoch: 3 | loss: 0.9326811
	speed: 0.0347s/iter; left time: 26.2610s
	iters: 200, epoch: 3 | loss: 0.9554164
	speed: 0.0222s/iter; left time: 14.5855s
Epoch: 3 cost time: 4.751623868942261
Epoch: 3, Steps: 214 | Train Loss: 0.9799002 Vali Loss: 1.0302656 Test Loss: 1.0122167
EarlyStopping counter: 1 out of 3
Updating learning rate to 2.5e-05
	iters: 100, epoch: 4 | loss: 0.9702852
	speed: 0.0341s/iter; left time: 18.5055s
	iters: 200, epoch: 4 | loss: 0.9908490
	speed: 0.0222s/iter; left time: 9.8360s
Epoch: 4 cost time: 4.7504987716674805
Epoch: 4, Steps: 214 | Train Loss: 0.9702892 Vali Loss: 1.0341504 Test Loss: 1.0183094
EarlyStopping counter: 2 out of 3
Updating learning rate to 1.25e-05
	iters: 100, epoch: 5 | loss: 0.9519070
	speed: 0.0341s/iter; left time: 11.2078s
	iters: 200, epoch: 5 | loss: 0.9230288
	speed: 0.0222s/iter; left time: 5.0861s
Epoch: 5 cost time: 4.750107765197754
Epoch: 5, Steps: 214 | Train Loss: 0.9641210 Vali Loss: 1.0377114 Test Loss: 1.0192987
EarlyStopping counter: 3 out of 3
Early stopping
>>>>>>>testing : informer_Causal_ftM_sl96_ll96_pl48_dm512_nh8_el2_dl1_df2048_atprob_fc5_ebtimeF_dtTrue_mxTrue_Exp_1<<<<<<<<<<<<<<<<<<<<<<<<<<<<<<<<<
test 1953
test shape: (61, 32, 48, 3) (61, 32, 48, 3)
test shape: (1952, 48, 3) (1952, 48, 3)
mse:1.0074124336242676, mae:0.794054388999939
{'data': 'data_causal_1.csv', 'T': 'OT', 'M': [3, 3, 3], 'S': [1, 1, 1], 'MS': [3, 3, 1]}

JOB STATISTICS
==============
Job ID: 6042206
Cluster: snellius
User/Group: scur2113/scur2113
State: COMPLETED (exit code 0)
Nodes: 1
Cores per node: 18
CPU Utilized: 00:01:06
CPU Efficiency: 4.70% of 00:23:24 core-walltime
Job Wall-clock time: 00:01:18
Memory Utilized: 1.18 GB
Memory Efficiency: 0.98% of 120.00 GB
