============================================================================================== 
Warning! Mixing Conda and module environments may lead to corruption of the
user environment. 
We do not recommend users mixing those two environments unless absolutely
necessary. Note that 
SURF does not provide any support for Conda environment.
For more information, please refer to our software policy page:
https://servicedesk.surf.nl/wiki/display/WIKI/Software+policy+Snellius#SoftwarepolicySnellius-UseofAnacondaandMinicondaenvironmentsonSnellius 

Remember that many packages have already been installed on the system and can
be loaded using 
the 'module load <package__name>' command. If you are uncertain if a package is
already available 
on the system, please use 'module avail' or 'module spider' to search for it.
============================================================================================== 
Args in experiment:
Namespace(model='informer', data='Causal', root_path='./data/ETT/', data_path='data_causal_1.csv', features='M', target='OT', freq='h', checkpoints='./checkpoints/', seq_len=48, label_len=48, pred_len=200, enc_in=3, dec_in=3, c_out=3, d_model=512, n_heads=8, e_layers=2, d_layers=1, s_layers=[3, 2, 1], d_ff=2048, factor=5, padding=0, distil=True, dropout=0.05, attn='prob', embed='timeF', activation='gelu', output_attention=False, do_predict=False, mix=True, cols=None, num_workers=0, itr=5, train_epochs=6, batch_size=32, patience=3, learning_rate=0.0001, des='Exp', loss='mse', lradj='type1', use_amp=False, inverse=False, use_gpu=True, gpu=0, use_multi_gpu=False, devices='0,1,2,3', detail_freq='h')
Use GPU: cuda:0
>>>>>>>start training : informer_Causal_ftM_sl48_ll48_pl200_dm512_nh8_el2_dl1_df2048_atprob_fc5_ebtimeF_dtTrue_mxTrue_Exp_0>>>>>>>>>>>>>>>>>>>>>>>>>>
train 453
Traceback (most recent call last):
  File "/gpfs/home3/scur2113/Informer2020-main/Informer2020-main/main_informer.py", line 105, in <module>
    exp.train(setting)
  File "/gpfs/home3/scur2113/Informer2020-main/Informer2020-main/exp/exp_informer.py", line 128, in train
    vali_data, vali_loader = self._get_data(flag = 'val')
  File "/gpfs/home3/scur2113/Informer2020-main/Informer2020-main/exp/exp_informer.py", line 96, in _get_data
    print(flag, len(data_set))
ValueError: __len__() should return >= 0

JOB STATISTICS
==============
Job ID: 6022754
Cluster: snellius
User/Group: scur2113/scur2113
State: FAILED (exit code 1)
Nodes: 1
Cores per node: 18
CPU Utilized: 00:00:06
CPU Efficiency: 2.78% of 00:03:36 core-walltime
Job Wall-clock time: 00:00:12
Memory Utilized: 1.37 MB
Memory Efficiency: 0.00% of 120.00 GB
