============================================================================================== 
Warning! Mixing Conda and module environments may lead to corruption of the
user environment. 
We do not recommend users mixing those two environments unless absolutely
necessary. Note that 
SURF does not provide any support for Conda environment.
For more information, please refer to our software policy page:
https://servicedesk.surf.nl/wiki/display/WIKI/Software+policy+Snellius#SoftwarepolicySnellius-UseofAnacondaandMinicondaenvironmentsonSnellius 

Remember that many packages have already been installed on the system and can
be loaded using 
the 'module load <package__name>' command. If you are uncertain if a package is
already available 
on the system, please use 'module avail' or 'module spider' to search for it.
============================================================================================== 
Args in experiment:
Namespace(model='informer', data='Causal', root_path='./data/ETT/', data_path='data_causal_1.csv', features='M', target='OT', freq='h', checkpoints='./checkpoints/', seq_len=48, label_len=48, pred_len=200, enc_in=3, dec_in=3, c_out=3, d_model=512, n_heads=8, e_layers=2, d_layers=1, s_layers=[3, 2, 1], d_ff=2048, factor=5, padding=0, distil=True, dropout=0.05, attn='prob', embed='timeF', activation='gelu', output_attention=False, do_predict=False, mix=True, cols=None, num_workers=0, itr=5, train_epochs=6, batch_size=32, patience=3, learning_rate=0.0001, des='Exp', loss='mse', lradj='type1', use_amp=False, inverse=False, use_gpu=True, gpu=0, use_multi_gpu=False, devices='0,1,2,3', detail_freq='h')
Use GPU: cuda:0
>>>>>>>start training : informer_Causal_ftM_sl48_ll48_pl200_dm512_nh8_el2_dl1_df2048_atprob_fc5_ebtimeF_dtTrue_mxTrue_Exp_0>>>>>>>>>>>>>>>>>>>>>>>>>>
train 6753
val 801
test 1801
	iters: 100, epoch: 1 | loss: 1.0177699
	speed: 0.0765s/iter; left time: 89.2862s
	iters: 200, epoch: 1 | loss: 1.0301260
	speed: 0.0267s/iter; left time: 28.4755s
Epoch: 1 cost time: 7.0612030029296875
Epoch: 1, Steps: 211 | Train Loss: 1.0172012 Vali Loss: 1.0251421 Test Loss: 0.9994048
Validation loss decreased (inf --> 1.025142).  Saving model ...
Updating learning rate to 0.0001
	iters: 100, epoch: 2 | loss: 1.0095651
	speed: 0.0402s/iter; left time: 38.3936s
	iters: 200, epoch: 2 | loss: 1.0176196
	speed: 0.0268s/iter; left time: 22.9204s
Epoch: 2 cost time: 5.6423046588897705
Epoch: 2, Steps: 211 | Train Loss: 0.9940435 Vali Loss: 1.0294530 Test Loss: 1.0038270
EarlyStopping counter: 1 out of 3
Updating learning rate to 5e-05
	iters: 100, epoch: 3 | loss: 0.9681598
	speed: 0.0399s/iter; left time: 29.7196s
	iters: 200, epoch: 3 | loss: 0.9944170
	speed: 0.0270s/iter; left time: 17.4136s
Epoch: 3 cost time: 5.7523353099823
Epoch: 3, Steps: 211 | Train Loss: 0.9846187 Vali Loss: 1.0298823 Test Loss: 1.0064946
EarlyStopping counter: 2 out of 3
Updating learning rate to 2.5e-05
	iters: 100, epoch: 4 | loss: 0.9808199
	speed: 0.0391s/iter; left time: 20.8858s
	iters: 200, epoch: 4 | loss: 0.9844347
	speed: 0.0275s/iter; left time: 11.9447s
Epoch: 4 cost time: 5.749037504196167
Epoch: 4, Steps: 211 | Train Loss: 0.9801943 Vali Loss: 1.0339668 Test Loss: 1.0087993
EarlyStopping counter: 3 out of 3
Early stopping
>>>>>>>testing : informer_Causal_ftM_sl48_ll48_pl200_dm512_nh8_el2_dl1_df2048_atprob_fc5_ebtimeF_dtTrue_mxTrue_Exp_0<<<<<<<<<<<<<<<<<<<<<<<<<<<<<<<<<
test 1801
test shape: (56, 32, 200, 3) (56, 32, 200, 3)
test shape: (1792, 200, 3) (1792, 200, 3)
mse:0.9994326829910278, mae:0.790398895740509
Use GPU: cuda:0
>>>>>>>start training : informer_Causal_ftM_sl48_ll48_pl200_dm512_nh8_el2_dl1_df2048_atprob_fc5_ebtimeF_dtTrue_mxTrue_Exp_1>>>>>>>>>>>>>>>>>>>>>>>>>>
train 6753
val 801
test 1801
	iters: 100, epoch: 1 | loss: 1.0022632
	speed: 0.0267s/iter; left time: 31.1273s
	iters: 200, epoch: 1 | loss: 1.0173005
	speed: 0.0269s/iter; left time: 28.6684s
Epoch: 1 cost time: 5.659261465072632
Epoch: 1, Steps: 211 | Train Loss: 1.0169789 Vali Loss: 1.0260959 Test Loss: 1.0006039
Validation loss decreased (inf --> 1.026096).  Saving model ...
Updating learning rate to 0.0001
	iters: 100, epoch: 2 | loss: 1.0103109
	speed: 0.0402s/iter; left time: 38.4240s
	iters: 200, epoch: 2 | loss: 0.9821728
	speed: 0.0265s/iter; left time: 22.6839s
Epoch: 2 cost time: 5.6719183921813965
Epoch: 2, Steps: 211 | Train Loss: 0.9950693 Vali Loss: 1.0270183 Test Loss: 1.0060793
EarlyStopping counter: 1 out of 3
Updating learning rate to 5e-05
	iters: 100, epoch: 3 | loss: 0.9723520
	speed: 0.0395s/iter; left time: 29.4428s
	iters: 200, epoch: 3 | loss: 0.9871286
	speed: 0.0271s/iter; left time: 17.4706s
Epoch: 3 cost time: 5.715725898742676
Epoch: 3, Steps: 211 | Train Loss: 0.9841762 Vali Loss: 1.0328730 Test Loss: 1.0085064
EarlyStopping counter: 2 out of 3
Updating learning rate to 2.5e-05
	iters: 100, epoch: 4 | loss: 0.9887764
	speed: 0.0390s/iter; left time: 20.8191s
	iters: 200, epoch: 4 | loss: 0.9809910
	speed: 0.0274s/iter; left time: 11.9042s
Epoch: 4 cost time: 5.736422777175903
Epoch: 4, Steps: 211 | Train Loss: 0.9785833 Vali Loss: 1.0345124 Test Loss: 1.0109488
EarlyStopping counter: 3 out of 3
Early stopping
>>>>>>>testing : informer_Causal_ftM_sl48_ll48_pl200_dm512_nh8_el2_dl1_df2048_atprob_fc5_ebtimeF_dtTrue_mxTrue_Exp_1<<<<<<<<<<<<<<<<<<<<<<<<<<<<<<<<<
test 1801
test shape: (56, 32, 200, 3) (56, 32, 200, 3)
test shape: (1792, 200, 3) (1792, 200, 3)
mse:1.0005877017974854, mae:0.7909259796142578
Use GPU: cuda:0
>>>>>>>start training : informer_Causal_ftM_sl48_ll48_pl200_dm512_nh8_el2_dl1_df2048_atprob_fc5_ebtimeF_dtTrue_mxTrue_Exp_2>>>>>>>>>>>>>>>>>>>>>>>>>>
train 6753
val 801
test 1801
	iters: 100, epoch: 1 | loss: 0.9871446
	speed: 0.0267s/iter; left time: 31.1688s
	iters: 200, epoch: 1 | loss: 1.0147034
	speed: 0.0268s/iter; left time: 28.5683s
Epoch: 1 cost time: 5.651987075805664
Epoch: 1, Steps: 211 | Train Loss: 1.0178706 Vali Loss: 1.0227320 Test Loss: 0.9982123
Validation loss decreased (inf --> 1.022732).  Saving model ...
Updating learning rate to 0.0001
	iters: 100, epoch: 2 | loss: 1.0096397
	speed: 0.0405s/iter; left time: 38.7657s
	iters: 200, epoch: 2 | loss: 0.9778042
	speed: 0.0267s/iter; left time: 22.8626s
Epoch: 2 cost time: 5.709947109222412
Epoch: 2, Steps: 211 | Train Loss: 0.9957281 Vali Loss: 1.0229887 Test Loss: 1.0003346
EarlyStopping counter: 1 out of 3
Updating learning rate to 5e-05
	iters: 100, epoch: 3 | loss: 0.9971285
	speed: 0.0392s/iter; left time: 29.1752s
	iters: 200, epoch: 3 | loss: 0.9365545
	speed: 0.0276s/iter; left time: 17.7860s
Epoch: 3 cost time: 5.739476680755615
Epoch: 3, Steps: 211 | Train Loss: 0.9864769 Vali Loss: 1.0261345 Test Loss: 1.0047028
EarlyStopping counter: 2 out of 3
Updating learning rate to 2.5e-05
	iters: 100, epoch: 4 | loss: 0.9915804
	speed: 0.0390s/iter; left time: 20.8521s
	iters: 200, epoch: 4 | loss: 0.9444493
	speed: 0.0270s/iter; left time: 11.6977s
Epoch: 4 cost time: 5.680398225784302
Epoch: 4, Steps: 211 | Train Loss: 0.9816259 Vali Loss: 1.0301397 Test Loss: 1.0054821
EarlyStopping counter: 3 out of 3
Early stopping
>>>>>>>testing : informer_Causal_ftM_sl48_ll48_pl200_dm512_nh8_el2_dl1_df2048_atprob_fc5_ebtimeF_dtTrue_mxTrue_Exp_2<<<<<<<<<<<<<<<<<<<<<<<<<<<<<<<<<
test 1801
test shape: (56, 32, 200, 3) (56, 32, 200, 3)
test shape: (1792, 200, 3) (1792, 200, 3)
mse:0.9982081055641174, mae:0.7903012633323669
Use GPU: cuda:0
>>>>>>>start training : informer_Causal_ftM_sl48_ll48_pl200_dm512_nh8_el2_dl1_df2048_atprob_fc5_ebtimeF_dtTrue_mxTrue_Exp_3>>>>>>>>>>>>>>>>>>>>>>>>>>
train 6753
val 801
test 1801
	iters: 100, epoch: 1 | loss: 1.0008781
	speed: 0.0267s/iter; left time: 31.1017s
	iters: 200, epoch: 1 | loss: 1.0008785
	speed: 0.0267s/iter; left time: 28.4900s
Epoch: 1 cost time: 5.638427019119263
Epoch: 1, Steps: 211 | Train Loss: 1.0175617 Vali Loss: 1.0203412 Test Loss: 0.9988456
Validation loss decreased (inf --> 1.020341).  Saving model ...
Updating learning rate to 0.0001
	iters: 100, epoch: 2 | loss: 1.0171088
	speed: 0.0405s/iter; left time: 38.7030s
	iters: 200, epoch: 2 | loss: 0.9913481
	speed: 0.0266s/iter; left time: 22.7999s
Epoch: 2 cost time: 5.715690612792969
Epoch: 2, Steps: 211 | Train Loss: 0.9972506 Vali Loss: 1.0258129 Test Loss: 1.0022365
EarlyStopping counter: 1 out of 3
Updating learning rate to 5e-05
	iters: 100, epoch: 3 | loss: 0.9952778
	speed: 0.0389s/iter; left time: 28.9537s
	iters: 200, epoch: 3 | loss: 0.9671816
	speed: 0.0277s/iter; left time: 17.8438s
Epoch: 3 cost time: 5.719346523284912
Epoch: 3, Steps: 211 | Train Loss: 0.9877648 Vali Loss: 1.0294142 Test Loss: 1.0064813
EarlyStopping counter: 2 out of 3
Updating learning rate to 2.5e-05
	iters: 100, epoch: 4 | loss: 0.9875308
	speed: 0.0392s/iter; left time: 20.9393s
	iters: 200, epoch: 4 | loss: 0.9872897
	speed: 0.0266s/iter; left time: 11.5402s
Epoch: 4 cost time: 5.668150186538696
Epoch: 4, Steps: 211 | Train Loss: 0.9827626 Vali Loss: 1.0310692 Test Loss: 1.0076326
EarlyStopping counter: 3 out of 3
Early stopping
>>>>>>>testing : informer_Causal_ftM_sl48_ll48_pl200_dm512_nh8_el2_dl1_df2048_atprob_fc5_ebtimeF_dtTrue_mxTrue_Exp_3<<<<<<<<<<<<<<<<<<<<<<<<<<<<<<<<<
test 1801
test shape: (56, 32, 200, 3) (56, 32, 200, 3)
test shape: (1792, 200, 3) (1792, 200, 3)
mse:0.9988868236541748, mae:0.7897933721542358
Use GPU: cuda:0
>>>>>>>start training : informer_Causal_ftM_sl48_ll48_pl200_dm512_nh8_el2_dl1_df2048_atprob_fc5_ebtimeF_dtTrue_mxTrue_Exp_4>>>>>>>>>>>>>>>>>>>>>>>>>>
train 6753
val 801
test 1801
	iters: 100, epoch: 1 | loss: 1.0044758
	speed: 0.0267s/iter; left time: 31.1927s
	iters: 200, epoch: 1 | loss: 1.0075324
	speed: 0.0265s/iter; left time: 28.2288s
Epoch: 1 cost time: 5.640713930130005
Epoch: 1, Steps: 211 | Train Loss: 1.0161456 Vali Loss: 1.0210978 Test Loss: 0.9975872
Validation loss decreased (inf --> 1.021098).  Saving model ...
Updating learning rate to 0.0001
	iters: 100, epoch: 2 | loss: 0.9967350
	speed: 0.0407s/iter; left time: 38.9033s
	iters: 200, epoch: 2 | loss: 1.0159168
	speed: 0.0266s/iter; left time: 22.7818s
Epoch: 2 cost time: 5.71643328666687
Epoch: 2, Steps: 211 | Train Loss: 0.9965619 Vali Loss: 1.0252045 Test Loss: 1.0031574
EarlyStopping counter: 1 out of 3
Updating learning rate to 5e-05
	iters: 100, epoch: 3 | loss: 0.9938704
	speed: 0.0388s/iter; left time: 28.9395s
	iters: 200, epoch: 3 | loss: 0.9704306
	speed: 0.0277s/iter; left time: 17.8513s
Epoch: 3 cost time: 5.711384296417236
Epoch: 3, Steps: 211 | Train Loss: 0.9862477 Vali Loss: 1.0288594 Test Loss: 1.0048208
EarlyStopping counter: 2 out of 3
Updating learning rate to 2.5e-05
	iters: 100, epoch: 4 | loss: 0.9851799
	speed: 0.0391s/iter; left time: 20.8633s
	iters: 200, epoch: 4 | loss: 0.9924361
	speed: 0.0266s/iter; left time: 11.5349s
Epoch: 4 cost time: 5.635418891906738
Epoch: 4, Steps: 211 | Train Loss: 0.9807626 Vali Loss: 1.0313786 Test Loss: 1.0081848
EarlyStopping counter: 3 out of 3
Early stopping
>>>>>>>testing : informer_Causal_ftM_sl48_ll48_pl200_dm512_nh8_el2_dl1_df2048_atprob_fc5_ebtimeF_dtTrue_mxTrue_Exp_4<<<<<<<<<<<<<<<<<<<<<<<<<<<<<<<<<
test 1801
test shape: (56, 32, 200, 3) (56, 32, 200, 3)
test shape: (1792, 200, 3) (1792, 200, 3)
mse:0.9975040555000305, mae:0.7894582748413086

JOB STATISTICS
==============
Job ID: 6023277
Cluster: snellius
User/Group: scur2113/scur2113
State: RUNNING
Nodes: 1
Cores per node: 18
CPU Utilized: 00:00:00
CPU Efficiency: 0.00% of 00:48:18 core-walltime
Job Wall-clock time: 00:02:41
Memory Utilized: 0.00 MB (estimated maximum)
Memory Efficiency: 0.00% of 120.00 GB (120.00 GB/node)
WARNING: Efficiency statistics may be misleading for RUNNING jobs.
