============================================================================================== 
Warning! Mixing Conda and module environments may lead to corruption of the
user environment. 
We do not recommend users mixing those two environments unless absolutely
necessary. Note that 
SURF does not provide any support for Conda environment.
For more information, please refer to our software policy page:
https://servicedesk.surf.nl/wiki/display/WIKI/Software+policy+Snellius#SoftwarepolicySnellius-UseofAnacondaandMinicondaenvironmentsonSnellius 

Remember that many packages have already been installed on the system and can
be loaded using 
the 'module load <package__name>' command. If you are uncertain if a package is
already available 
on the system, please use 'module avail' or 'module spider' to search for it.
============================================================================================== 
Args in experiment:
Namespace(is_training=1, random_future=True, decoder_lens_test=True, model_id='seed42_ECL_96_96', model='Autoformer', from_checkpoint='', seed=42, version='Fourier', mode_select='random', modes=64, L=3, base='legendre', cross_activation='tanh', individual=False, data='custom', root_path='./dataset/electricity/', data_path='electricity.csv', features='M', target='OT', freq='h', checkpoints='./checkpoints/', HourOfDay_offset=0, DayOfWeek_offset=0, DayOfMonth_offset=0, DayOfYear_offset=0, empty_data=False, empty_time=False, seq_len=96, label_len=48, pred_len=96, bucket_size=4, n_hashes=4, enc_in=321, dec_in=321, c_out=321, d_model=512, n_heads=8, e_layers=8, d_layers=1, d_ff=2048, moving_avg=25, factor=3, distil=True, dropout=0.05, embed='timeF', activation='gelu', output_attention=False, do_predict=False, num_workers=10, itr=1, train_epochs=20, batch_size=32, patience=3, learning_rate=0.0001, des='Exp', loss='mse', lradj='type1', use_amp=False, use_gpu=True, gpu=0, use_multi_gpu=False, devices='0,1,2,3')
Use GPU: cuda:0
>>>>>>>start training : seed42_ECL_96_96_Autoformer_custom_random_future_ftM_sl96_ll48_pl96_dm512_nh8_el8_dl1_df2048_fc3_ebtimeF_dtTrue_Exp_0>>>>>>>>>>>>>>>>>>>>>>>>>>
train 18221
val 2537
test 5165
	iters: 100, epoch: 1 | loss: 0.4780141
	speed: 0.1267s/iter; left time: 1429.1751s
	iters: 200, epoch: 1 | loss: 0.4441251
	speed: 0.1110s/iter; left time: 1241.3987s
	iters: 300, epoch: 1 | loss: 0.4212580
	speed: 0.1105s/iter; left time: 1224.3190s
	iters: 400, epoch: 1 | loss: 0.4090188
	speed: 0.1109s/iter; left time: 1217.4129s
slurmstepd: error: *** JOB 5967128 ON gcn21 CANCELLED AT 2024-04-17T20:00:41 ***
slurmstepd: error: container_p_join: setns failed for /slurm/5967128/.ns: Invalid argument
slurmstepd: error: container_g_join(5967128): Invalid argument

JOB STATISTICS
==============
Job ID: 5967128
Cluster: snellius
User/Group: scur2113/scur2113
State: CANCELLED (exit code 0)
Nodes: 1
Cores per node: 18
CPU Utilized: 00:00:01
CPU Efficiency: 0.08% of 00:21:00 core-walltime
Job Wall-clock time: 00:01:10
Memory Utilized: 1.49 GB
Memory Efficiency: 1.24% of 120.00 GB
